mode: set
github.com/FreePeak/db-mcp-server/pkg/dbtools/db_helpers.go:18.100,20.2 1 1
github.com/FreePeak/db-mcp-server/pkg/dbtools/db_helpers.go:23.93,25.2 1 0
github.com/FreePeak/db-mcp-server/pkg/dbtools/db_helpers.go:28.100,30.2 1 1
github.com/FreePeak/db-mcp-server/pkg/dbtools/db_helpers.go:33.86,35.2 1 1
github.com/FreePeak/db-mcp-server/pkg/dbtools/dbtools.go:32.45,49.16 3 0
github.com/FreePeak/db-mcp-server/pkg/dbtools/dbtools.go:49.16,51.3 1 0
github.com/FreePeak/db-mcp-server/pkg/dbtools/dbtools.go:54.2,54.43 1 0
github.com/FreePeak/db-mcp-server/pkg/dbtools/dbtools.go:54.43,56.3 1 0
github.com/FreePeak/db-mcp-server/pkg/dbtools/dbtools.go:58.2,62.12 3 0
github.com/FreePeak/db-mcp-server/pkg/dbtools/dbtools.go:66.28,67.23 1 0
github.com/FreePeak/db-mcp-server/pkg/dbtools/dbtools.go:67.23,69.3 1 0
github.com/FreePeak/db-mcp-server/pkg/dbtools/dbtools.go:70.2,70.27 1 0
github.com/FreePeak/db-mcp-server/pkg/dbtools/dbtools.go:74.32,76.2 1 0
github.com/FreePeak/db-mcp-server/pkg/dbtools/dbtools.go:79.54,94.2 5 0
github.com/FreePeak/db-mcp-server/pkg/dbtools/dbtools.go:98.59,100.2 1 0
github.com/FreePeak/db-mcp-server/pkg/dbtools/dbtools.go:104.58,119.2 5 0
github.com/FreePeak/db-mcp-server/pkg/dbtools/dbtools.go:122.67,125.16 2 0
github.com/FreePeak/db-mcp-server/pkg/dbtools/dbtools.go:125.16,127.3 1 0
github.com/FreePeak/db-mcp-server/pkg/dbtools/dbtools.go:130.2,132.24 3 0
github.com/FreePeak/db-mcp-server/pkg/dbtools/dbtools.go:132.24,134.3 1 0
github.com/FreePeak/db-mcp-server/pkg/dbtools/dbtools.go:137.2,138.18 2 0
github.com/FreePeak/db-mcp-server/pkg/dbtools/dbtools.go:138.18,140.17 2 0
github.com/FreePeak/db-mcp-server/pkg/dbtools/dbtools.go:140.17,142.4 1 0
github.com/FreePeak/db-mcp-server/pkg/dbtools/dbtools.go:145.3,146.31 2 0
github.com/FreePeak/db-mcp-server/pkg/dbtools/dbtools.go:146.31,150.18 2 0
github.com/FreePeak/db-mcp-server/pkg/dbtools/dbtools.go:150.18,152.13 2 0
github.com/FreePeak/db-mcp-server/pkg/dbtools/dbtools.go:156.4,156.27 1 0
github.com/FreePeak/db-mcp-server/pkg/dbtools/dbtools.go:157.16,158.25 1 0
github.com/FreePeak/db-mcp-server/pkg/dbtools/dbtools.go:159.19,160.38 1 0
github.com/FreePeak/db-mcp-server/pkg/dbtools/dbtools.go:161.12,162.17 1 0
github.com/FreePeak/db-mcp-server/pkg/dbtools/dbtools.go:166.3,166.33 1 0
github.com/FreePeak/db-mcp-server/pkg/dbtools/dbtools.go:169.2,169.34 1 0
github.com/FreePeak/db-mcp-server/pkg/dbtools/dbtools.go:169.34,171.3 1 0
github.com/FreePeak/db-mcp-server/pkg/dbtools/dbtools.go:173.2,173.21 1 0
github.com/FreePeak/db-mcp-server/pkg/dbtools/dbtools.go:177.79,180.2 2 1
github.com/FreePeak/db-mcp-server/pkg/dbtools/dbtools.go:183.73,185.9 2 1
github.com/FreePeak/db-mcp-server/pkg/dbtools/dbtools.go:185.9,187.47 1 1
github.com/FreePeak/db-mcp-server/pkg/dbtools/dbtools.go:187.47,188.41 1 0
github.com/FreePeak/db-mcp-server/pkg/dbtools/dbtools.go:188.41,190.5 1 0
github.com/FreePeak/db-mcp-server/pkg/dbtools/dbtools.go:192.3,192.18 1 1
github.com/FreePeak/db-mcp-server/pkg/dbtools/dbtools.go:194.2,194.25 1 1
github.com/FreePeak/db-mcp-server/pkg/dbtools/dbtools.go:198.85,201.2 2 1
github.com/FreePeak/db-mcp-server/pkg/dbtools/exec.go:13.38,41.2 1 0
github.com/FreePeak/db-mcp-server/pkg/dbtools/exec.go:44.93,46.23 1 0
github.com/FreePeak/db-mcp-server/pkg/dbtools/exec.go:46.23,48.3 1 0
github.com/FreePeak/db-mcp-server/pkg/dbtools/exec.go:51.2,52.9 2 0
github.com/FreePeak/db-mcp-server/pkg/dbtools/exec.go:52.9,54.3 1 0
github.com/FreePeak/db-mcp-server/pkg/dbtools/exec.go:57.2,58.60 2 0
github.com/FreePeak/db-mcp-server/pkg/dbtools/exec.go:58.60,60.3 1 0
github.com/FreePeak/db-mcp-server/pkg/dbtools/exec.go:63.2,68.60 4 0
github.com/FreePeak/db-mcp-server/pkg/dbtools/exec.go:68.60,71.3 2 0
github.com/FreePeak/db-mcp-server/pkg/dbtools/exec.go:74.2,75.16 2 0
github.com/FreePeak/db-mcp-server/pkg/dbtools/exec.go:75.16,77.3 1 0
github.com/FreePeak/db-mcp-server/pkg/dbtools/exec.go:80.2,81.16 2 0
github.com/FreePeak/db-mcp-server/pkg/dbtools/exec.go:81.16,83.3 1 0
github.com/FreePeak/db-mcp-server/pkg/dbtools/exec.go:86.2,87.16 2 0
github.com/FreePeak/db-mcp-server/pkg/dbtools/exec.go:87.16,89.3 1 0
github.com/FreePeak/db-mcp-server/pkg/dbtools/exec.go:92.2,97.8 1 0
github.com/FreePeak/db-mcp-server/pkg/dbtools/exec.go:101.42,109.2 3 0
github.com/FreePeak/db-mcp-server/pkg/dbtools/exec.go:112.97,115.9 2 0
github.com/FreePeak/db-mcp-server/pkg/dbtools/exec.go:115.9,117.3 1 0
github.com/FreePeak/db-mcp-server/pkg/dbtools/exec.go:120.2,121.60 2 0
github.com/FreePeak/db-mcp-server/pkg/dbtools/exec.go:121.60,123.3 1 0
github.com/FreePeak/db-mcp-server/pkg/dbtools/exec.go:126.2,130.60 3 0
github.com/FreePeak/db-mcp-server/pkg/dbtools/exec.go:130.60,134.3 2 0
github.com/FreePeak/db-mcp-server/pkg/dbtools/exec.go:134.8,134.67 1 0
github.com/FreePeak/db-mcp-server/pkg/dbtools/exec.go:134.67,137.3 1 0
github.com/FreePeak/db-mcp-server/pkg/dbtools/exec.go:137.8,137.67 1 0
github.com/FreePeak/db-mcp-server/pkg/dbtools/exec.go:137.67,140.3 1 0
github.com/FreePeak/db-mcp-server/pkg/dbtools/exec.go:143.2,148.8 1 0
github.com/FreePeak/db-mcp-server/pkg/dbtools/query.go:13.36,41.2 1 0
github.com/FreePeak/db-mcp-server/pkg/dbtools/query.go:44.91,46.23 1 0
github.com/FreePeak/db-mcp-server/pkg/dbtools/query.go:46.23,48.3 1 0
github.com/FreePeak/db-mcp-server/pkg/dbtools/query.go:51.2,52.9 2 0
github.com/FreePeak/db-mcp-server/pkg/dbtools/query.go:52.9,54.3 1 0
github.com/FreePeak/db-mcp-server/pkg/dbtools/query.go:57.2,58.60 2 0
github.com/FreePeak/db-mcp-server/pkg/dbtools/query.go:58.60,60.3 1 0
github.com/FreePeak/db-mcp-server/pkg/dbtools/query.go:63.2,68.60 4 0
github.com/FreePeak/db-mcp-server/pkg/dbtools/query.go:68.60,71.3 2 0
github.com/FreePeak/db-mcp-server/pkg/dbtools/query.go:74.2,75.16 2 0
github.com/FreePeak/db-mcp-server/pkg/dbtools/query.go:75.16,77.3 1 0
github.com/FreePeak/db-mcp-server/pkg/dbtools/query.go:78.2,82.16 3 0
github.com/FreePeak/db-mcp-server/pkg/dbtools/query.go:82.16,84.3 1 0
github.com/FreePeak/db-mcp-server/pkg/dbtools/query.go:87.2,92.8 1 0
github.com/FreePeak/db-mcp-server/pkg/dbtools/query.go:96.40,104.2 3 0
github.com/FreePeak/db-mcp-server/pkg/dbtools/query.go:107.95,110.9 2 0
github.com/FreePeak/db-mcp-server/pkg/dbtools/query.go:110.9,112.3 1 0
github.com/FreePeak/db-mcp-server/pkg/dbtools/query.go:115.2,118.39 2 0
github.com/FreePeak/db-mcp-server/pkg/dbtools/query.go:118.39,124.3 1 0
github.com/FreePeak/db-mcp-server/pkg/dbtools/query.go:124.8,124.47 1 0
github.com/FreePeak/db-mcp-server/pkg/dbtools/query.go:124.47,130.3 1 0
github.com/FreePeak/db-mcp-server/pkg/dbtools/query.go:130.8,130.49 1 0
github.com/FreePeak/db-mcp-server/pkg/dbtools/query.go:130.49,136.3 1 0
github.com/FreePeak/db-mcp-server/pkg/dbtools/query.go:136.8,141.3 1 0
github.com/FreePeak/db-mcp-server/pkg/dbtools/query.go:144.2,145.60 2 0
github.com/FreePeak/db-mcp-server/pkg/dbtools/query.go:145.60,147.3 1 0
github.com/FreePeak/db-mcp-server/pkg/dbtools/query.go:150.2,155.8 1 0
github.com/FreePeak/db-mcp-server/pkg/dbtools/query.go:159.48,161.2 1 0
github.com/FreePeak/db-mcp-server/pkg/dbtools/querybuilder.go:13.43,136.2 1 1
github.com/FreePeak/db-mcp-server/pkg/dbtools/querybuilder.go:139.98,142.9 2 1
github.com/FreePeak/db-mcp-server/pkg/dbtools/querybuilder.go:142.9,144.3 1 1
github.com/FreePeak/db-mcp-server/pkg/dbtools/querybuilder.go:147.2,148.60 2 1
github.com/FreePeak/db-mcp-server/pkg/dbtools/querybuilder.go:148.60,150.3 1 0
github.com/FreePeak/db-mcp-server/pkg/dbtools/querybuilder.go:153.2,157.16 3 1
github.com/FreePeak/db-mcp-server/pkg/dbtools/querybuilder.go:158.18,159.43 1 0
github.com/FreePeak/db-mcp-server/pkg/dbtools/querybuilder.go:160.15,161.40 1 1
github.com/FreePeak/db-mcp-server/pkg/dbtools/querybuilder.go:162.17,163.42 1 0
github.com/FreePeak/db-mcp-server/pkg/dbtools/querybuilder.go:164.10,165.55 1 1
github.com/FreePeak/db-mcp-server/pkg/dbtools/querybuilder.go:170.93,173.9 2 1
github.com/FreePeak/db-mcp-server/pkg/dbtools/querybuilder.go:173.9,175.3 1 1
github.com/FreePeak/db-mcp-server/pkg/dbtools/querybuilder.go:178.2,178.23 1 1
github.com/FreePeak/db-mcp-server/pkg/dbtools/querybuilder.go:178.23,181.3 1 1
github.com/FreePeak/db-mcp-server/pkg/dbtools/querybuilder.go:185.2,188.16 3 0
github.com/FreePeak/db-mcp-server/pkg/dbtools/querybuilder.go:188.16,198.3 1 0
github.com/FreePeak/db-mcp-server/pkg/dbtools/querybuilder.go:201.2,204.8 1 0
github.com/FreePeak/db-mcp-server/pkg/dbtools/querybuilder.go:208.90,211.9 2 1
github.com/FreePeak/db-mcp-server/pkg/dbtools/querybuilder.go:211.9,213.3 1 0
github.com/FreePeak/db-mcp-server/pkg/dbtools/querybuilder.go:216.2,220.29 3 1
github.com/FreePeak/db-mcp-server/pkg/dbtools/querybuilder.go:220.29,222.3 1 0
github.com/FreePeak/db-mcp-server/pkg/dbtools/querybuilder.go:224.2,225.36 2 1
github.com/FreePeak/db-mcp-server/pkg/dbtools/querybuilder.go:225.36,226.12 1 1
github.com/FreePeak/db-mcp-server/pkg/dbtools/querybuilder.go:226.12,228.4 1 1
github.com/FreePeak/db-mcp-server/pkg/dbtools/querybuilder.go:229.3,229.44 1 1
github.com/FreePeak/db-mcp-server/pkg/dbtools/querybuilder.go:233.2,234.9 2 1
github.com/FreePeak/db-mcp-server/pkg/dbtools/querybuilder.go:234.9,236.3 1 0
github.com/FreePeak/db-mcp-server/pkg/dbtools/querybuilder.go:238.2,242.61 3 1
github.com/FreePeak/db-mcp-server/pkg/dbtools/querybuilder.go:242.61,243.33 1 0
github.com/FreePeak/db-mcp-server/pkg/dbtools/querybuilder.go:243.33,244.56 1 0
github.com/FreePeak/db-mcp-server/pkg/dbtools/querybuilder.go:244.56,249.58 4 0
github.com/FreePeak/db-mcp-server/pkg/dbtools/querybuilder.go:249.58,252.6 1 0
github.com/FreePeak/db-mcp-server/pkg/dbtools/querybuilder.go:258.2,258.99 1 1
github.com/FreePeak/db-mcp-server/pkg/dbtools/querybuilder.go:258.99,261.43 2 1
github.com/FreePeak/db-mcp-server/pkg/dbtools/querybuilder.go:261.43,262.56 1 1
github.com/FreePeak/db-mcp-server/pkg/dbtools/querybuilder.go:262.56,269.33 5 1
github.com/FreePeak/db-mcp-server/pkg/dbtools/querybuilder.go:269.33,271.6 1 0
github.com/FreePeak/db-mcp-server/pkg/dbtools/querybuilder.go:274.5,274.59 1 1
github.com/FreePeak/db-mcp-server/pkg/dbtools/querybuilder.go:274.59,276.6 1 0
github.com/FreePeak/db-mcp-server/pkg/dbtools/querybuilder.go:276.11,278.6 1 1
github.com/FreePeak/db-mcp-server/pkg/dbtools/querybuilder.go:284.2,284.98 1 1
github.com/FreePeak/db-mcp-server/pkg/dbtools/querybuilder.go:284.98,287.38 2 0
github.com/FreePeak/db-mcp-server/pkg/dbtools/querybuilder.go:287.38,288.13 1 0
github.com/FreePeak/db-mcp-server/pkg/dbtools/querybuilder.go:288.13,290.5 1 0
github.com/FreePeak/db-mcp-server/pkg/dbtools/querybuilder.go:291.4,291.45 1 0
github.com/FreePeak/db-mcp-server/pkg/dbtools/querybuilder.go:296.2,296.101 1 1
github.com/FreePeak/db-mcp-server/pkg/dbtools/querybuilder.go:296.101,299.41 2 0
github.com/FreePeak/db-mcp-server/pkg/dbtools/querybuilder.go:299.41,300.13 1 0
github.com/FreePeak/db-mcp-server/pkg/dbtools/querybuilder.go:300.13,302.5 1 0
github.com/FreePeak/db-mcp-server/pkg/dbtools/querybuilder.go:303.4,303.46 1 0
github.com/FreePeak/db-mcp-server/pkg/dbtools/querybuilder.go:308.2,308.97 1 1
github.com/FreePeak/db-mcp-server/pkg/dbtools/querybuilder.go:308.97,311.42 2 1
github.com/FreePeak/db-mcp-server/pkg/dbtools/querybuilder.go:311.42,312.58 1 1
github.com/FreePeak/db-mcp-server/pkg/dbtools/querybuilder.go:312.58,316.14 3 1
github.com/FreePeak/db-mcp-server/pkg/dbtools/querybuilder.go:316.14,318.6 1 0
github.com/FreePeak/db-mcp-server/pkg/dbtools/querybuilder.go:320.5,320.24 1 1
github.com/FreePeak/db-mcp-server/pkg/dbtools/querybuilder.go:320.24,322.6 1 1
github.com/FreePeak/db-mcp-server/pkg/dbtools/querybuilder.go:322.11,324.6 1 0
github.com/FreePeak/db-mcp-server/pkg/dbtools/querybuilder.go:330.2,330.58 1 1
github.com/FreePeak/db-mcp-server/pkg/dbtools/querybuilder.go:330.58,333.61 2 1
github.com/FreePeak/db-mcp-server/pkg/dbtools/querybuilder.go:333.61,335.4 1 0
github.com/FreePeak/db-mcp-server/pkg/dbtools/querybuilder.go:339.2,342.23 3 1
github.com/FreePeak/db-mcp-server/pkg/dbtools/querybuilder.go:342.23,347.17 3 0
github.com/FreePeak/db-mcp-server/pkg/dbtools/querybuilder.go:347.17,352.4 1 0
github.com/FreePeak/db-mcp-server/pkg/dbtools/querybuilder.go:352.9,354.4 1 0
github.com/FreePeak/db-mcp-server/pkg/dbtools/querybuilder.go:355.8,359.3 2 1
github.com/FreePeak/db-mcp-server/pkg/dbtools/querybuilder.go:362.2,366.8 1 1
github.com/FreePeak/db-mcp-server/pkg/dbtools/querybuilder.go:370.92,373.9 2 1
github.com/FreePeak/db-mcp-server/pkg/dbtools/querybuilder.go:373.9,375.3 1 1
github.com/FreePeak/db-mcp-server/pkg/dbtools/querybuilder.go:378.2,378.23 1 1
github.com/FreePeak/db-mcp-server/pkg/dbtools/querybuilder.go:378.23,381.3 1 1
github.com/FreePeak/db-mcp-server/pkg/dbtools/querybuilder.go:384.2,389.16 4 0
github.com/FreePeak/db-mcp-server/pkg/dbtools/querybuilder.go:389.16,391.3 1 0
github.com/FreePeak/db-mcp-server/pkg/dbtools/querybuilder.go:392.2,396.16 3 0
github.com/FreePeak/db-mcp-server/pkg/dbtools/querybuilder.go:396.16,398.3 1 0
github.com/FreePeak/db-mcp-server/pkg/dbtools/querybuilder.go:401.2,409.37 5 0
github.com/FreePeak/db-mcp-server/pkg/dbtools/querybuilder.go:409.37,413.10 2 0
github.com/FreePeak/db-mcp-server/pkg/dbtools/querybuilder.go:413.10,415.4 1 0
github.com/FreePeak/db-mcp-server/pkg/dbtools/querybuilder.go:418.3,418.80 1 0
github.com/FreePeak/db-mcp-server/pkg/dbtools/querybuilder.go:418.80,421.42 3 0
github.com/FreePeak/db-mcp-server/pkg/dbtools/querybuilder.go:421.42,423.5 1 0
github.com/FreePeak/db-mcp-server/pkg/dbtools/querybuilder.go:423.10,423.57 1 0
github.com/FreePeak/db-mcp-server/pkg/dbtools/querybuilder.go:423.57,425.5 1 0
github.com/FreePeak/db-mcp-server/pkg/dbtools/querybuilder.go:427.4,428.140 2 0
github.com/FreePeak/db-mcp-server/pkg/dbtools/querybuilder.go:433.2,433.23 1 0
github.com/FreePeak/db-mcp-server/pkg/dbtools/querybuilder.go:433.23,435.38 1 0
github.com/FreePeak/db-mcp-server/pkg/dbtools/querybuilder.go:435.38,437.41 2 0
github.com/FreePeak/db-mcp-server/pkg/dbtools/querybuilder.go:437.41,440.10 3 0
github.com/FreePeak/db-mcp-server/pkg/dbtools/querybuilder.go:446.2,446.37 1 0
github.com/FreePeak/db-mcp-server/pkg/dbtools/querybuilder.go:446.37,448.52 2 0
github.com/FreePeak/db-mcp-server/pkg/dbtools/querybuilder.go:448.52,451.4 2 0
github.com/FreePeak/db-mcp-server/pkg/dbtools/querybuilder.go:453.3,453.53 1 0
github.com/FreePeak/db-mcp-server/pkg/dbtools/querybuilder.go:453.53,456.4 2 0
github.com/FreePeak/db-mcp-server/pkg/dbtools/querybuilder.go:460.2,465.21 5 0
github.com/FreePeak/db-mcp-server/pkg/dbtools/querybuilder.go:469.52,475.20 4 1
github.com/FreePeak/db-mcp-server/pkg/dbtools/querybuilder.go:475.20,477.3 1 0
github.com/FreePeak/db-mcp-server/pkg/dbtools/querybuilder.go:479.2,494.93 8 1
github.com/FreePeak/db-mcp-server/pkg/dbtools/querybuilder.go:494.93,496.3 1 1
github.com/FreePeak/db-mcp-server/pkg/dbtools/querybuilder.go:499.2,499.16 1 1
github.com/FreePeak/db-mcp-server/pkg/dbtools/querybuilder.go:499.16,501.3 1 1
github.com/FreePeak/db-mcp-server/pkg/dbtools/querybuilder.go:501.8,501.23 1 1
github.com/FreePeak/db-mcp-server/pkg/dbtools/querybuilder.go:501.23,503.3 1 1
github.com/FreePeak/db-mcp-server/pkg/dbtools/querybuilder.go:503.8,505.3 1 0
github.com/FreePeak/db-mcp-server/pkg/dbtools/querybuilder.go:509.52,512.48 2 1
github.com/FreePeak/db-mcp-server/pkg/dbtools/querybuilder.go:512.48,514.3 1 1
github.com/FreePeak/db-mcp-server/pkg/dbtools/querybuilder.go:514.8,514.57 1 1
github.com/FreePeak/db-mcp-server/pkg/dbtools/querybuilder.go:514.57,516.3 1 1
github.com/FreePeak/db-mcp-server/pkg/dbtools/querybuilder.go:516.8,516.56 1 1
github.com/FreePeak/db-mcp-server/pkg/dbtools/querybuilder.go:516.56,518.3 1 1
github.com/FreePeak/db-mcp-server/pkg/dbtools/querybuilder.go:518.8,518.52 1 1
github.com/FreePeak/db-mcp-server/pkg/dbtools/querybuilder.go:518.52,520.3 1 1
github.com/FreePeak/db-mcp-server/pkg/dbtools/querybuilder.go:520.8,520.88 1 1
github.com/FreePeak/db-mcp-server/pkg/dbtools/querybuilder.go:520.88,522.3 1 1
github.com/FreePeak/db-mcp-server/pkg/dbtools/querybuilder.go:522.8,522.56 1 1
github.com/FreePeak/db-mcp-server/pkg/dbtools/querybuilder.go:522.56,524.3 1 1
github.com/FreePeak/db-mcp-server/pkg/dbtools/querybuilder.go:526.2,526.48 1 1
github.com/FreePeak/db-mcp-server/pkg/dbtools/querybuilder.go:529.51,532.40 1 1
github.com/FreePeak/db-mcp-server/pkg/dbtools/querybuilder.go:532.40,534.21 2 1
github.com/FreePeak/db-mcp-server/pkg/dbtools/querybuilder.go:534.21,538.4 3 1
github.com/FreePeak/db-mcp-server/pkg/dbtools/querybuilder.go:540.2,540.10 1 1
github.com/FreePeak/db-mcp-server/pkg/dbtools/querybuilder.go:543.53,545.45 1 1
github.com/FreePeak/db-mcp-server/pkg/dbtools/querybuilder.go:545.45,549.3 3 0
github.com/FreePeak/db-mcp-server/pkg/dbtools/querybuilder.go:550.2,550.10 1 1
github.com/FreePeak/db-mcp-server/pkg/dbtools/querybuilder.go:556.59,560.58 2 1
github.com/FreePeak/db-mcp-server/pkg/dbtools/querybuilder.go:560.58,569.3 1 0
github.com/FreePeak/db-mcp-server/pkg/dbtools/querybuilder.go:571.2,571.57 1 1
github.com/FreePeak/db-mcp-server/pkg/dbtools/querybuilder.go:571.57,580.3 1 1
github.com/FreePeak/db-mcp-server/pkg/dbtools/querybuilder.go:583.2,583.60 1 1
github.com/FreePeak/db-mcp-server/pkg/dbtools/querybuilder.go:583.60,592.3 1 0
github.com/FreePeak/db-mcp-server/pkg/dbtools/querybuilder.go:595.2,595.38 1 1
github.com/FreePeak/db-mcp-server/pkg/dbtools/querybuilder.go:595.38,604.3 1 0
github.com/FreePeak/db-mcp-server/pkg/dbtools/querybuilder.go:607.2,610.8 1 1
github.com/FreePeak/db-mcp-server/pkg/dbtools/querybuilder.go:614.58,622.41 4 1
github.com/FreePeak/db-mcp-server/pkg/dbtools/querybuilder.go:622.41,625.3 2 1
github.com/FreePeak/db-mcp-server/pkg/dbtools/querybuilder.go:628.2,629.19 2 1
github.com/FreePeak/db-mcp-server/pkg/dbtools/querybuilder.go:629.19,632.3 2 1
github.com/FreePeak/db-mcp-server/pkg/dbtools/querybuilder.go:634.2,634.78 1 1
github.com/FreePeak/db-mcp-server/pkg/dbtools/querybuilder.go:634.78,637.3 2 0
github.com/FreePeak/db-mcp-server/pkg/dbtools/querybuilder.go:639.2,639.82 1 1
github.com/FreePeak/db-mcp-server/pkg/dbtools/querybuilder.go:639.82,642.3 2 1
github.com/FreePeak/db-mcp-server/pkg/dbtools/querybuilder.go:645.2,661.40 2 1
github.com/FreePeak/db-mcp-server/pkg/dbtools/querybuilder.go:661.40,667.3 5 0
github.com/FreePeak/db-mcp-server/pkg/dbtools/querybuilder.go:669.2,676.8 1 1
github.com/FreePeak/db-mcp-server/pkg/dbtools/querybuilder.go:680.45,685.21 3 1
github.com/FreePeak/db-mcp-server/pkg/dbtools/querybuilder.go:685.21,687.3 1 1
github.com/FreePeak/db-mcp-server/pkg/dbtools/querybuilder.go:690.2,695.38 4 1
github.com/FreePeak/db-mcp-server/pkg/dbtools/querybuilder.go:695.38,696.63 1 1
github.com/FreePeak/db-mcp-server/pkg/dbtools/querybuilder.go:696.63,698.9 2 1
github.com/FreePeak/db-mcp-server/pkg/dbtools/querybuilder.go:702.2,706.29 3 1
github.com/FreePeak/db-mcp-server/pkg/dbtools/querybuilder.go:706.29,708.3 1 0
github.com/FreePeak/db-mcp-server/pkg/dbtools/querybuilder.go:710.2,710.18 1 1
github.com/FreePeak/db-mcp-server/pkg/dbtools/schema.go:14.45,40.2 1 1
github.com/FreePeak/db-mcp-server/pkg/dbtools/schema.go:43.100,46.9 2 1
github.com/FreePeak/db-mcp-server/pkg/dbtools/schema.go:46.9,48.3 1 0
github.com/FreePeak/db-mcp-server/pkg/dbtools/schema.go:51.2,55.60 3 1
github.com/FreePeak/db-mcp-server/pkg/dbtools/schema.go:55.60,57.3 1 0
github.com/FreePeak/db-mcp-server/pkg/dbtools/schema.go:60.2,68.21 5 1
github.com/FreePeak/db-mcp-server/pkg/dbtools/schema.go:68.21,71.3 1 0
github.com/FreePeak/db-mcp-server/pkg/dbtools/schema.go:71.8,73.3 1 1
github.com/FreePeak/db-mcp-server/pkg/dbtools/schema.go:75.2,75.23 1 1
github.com/FreePeak/db-mcp-server/pkg/dbtools/schema.go:75.23,78.22 2 1
github.com/FreePeak/db-mcp-server/pkg/dbtools/schema.go:78.22,80.4 1 1
github.com/FreePeak/db-mcp-server/pkg/dbtools/schema.go:83.3,84.17 2 0
github.com/FreePeak/db-mcp-server/pkg/dbtools/schema.go:84.17,86.4 1 0
github.com/FreePeak/db-mcp-server/pkg/dbtools/schema.go:88.3,88.44 1 0
github.com/FreePeak/db-mcp-server/pkg/dbtools/schema.go:88.44,90.4 1 0
github.com/FreePeak/db-mcp-server/pkg/dbtools/schema.go:92.3,94.63 2 0
github.com/FreePeak/db-mcp-server/pkg/dbtools/schema.go:98.2,98.19 1 0
github.com/FreePeak/db-mcp-server/pkg/dbtools/schema.go:99.16,100.31 1 0
github.com/FreePeak/db-mcp-server/pkg/dbtools/schema.go:101.17,102.18 1 0
github.com/FreePeak/db-mcp-server/pkg/dbtools/schema.go:102.18,104.4 1 0
github.com/FreePeak/db-mcp-server/pkg/dbtools/schema.go:105.3,105.39 1 0
github.com/FreePeak/db-mcp-server/pkg/dbtools/schema.go:106.23,107.45 1 0
github.com/FreePeak/db-mcp-server/pkg/dbtools/schema.go:108.14,109.35 1 0
github.com/FreePeak/db-mcp-server/pkg/dbtools/schema.go:110.10,111.61 1 0
github.com/FreePeak/db-mcp-server/pkg/dbtools/schema.go:116.58,123.23 4 0
github.com/FreePeak/db-mcp-server/pkg/dbtools/schema.go:124.21,141.85 3 0
github.com/FreePeak/db-mcp-server/pkg/dbtools/schema.go:143.24,159.59 2 0
github.com/FreePeak/db-mcp-server/pkg/dbtools/schema.go:161.10,168.17 4 0
github.com/FreePeak/db-mcp-server/pkg/dbtools/schema.go:168.17,171.4 2 0
github.com/FreePeak/db-mcp-server/pkg/dbtools/schema.go:172.3,178.19 4 0
github.com/FreePeak/db-mcp-server/pkg/dbtools/schema.go:178.19,179.48 1 0
github.com/FreePeak/db-mcp-server/pkg/dbtools/schema.go:179.48,181.13 2 0
github.com/FreePeak/db-mcp-server/pkg/dbtools/schema.go:184.4,187.6 1 0
github.com/FreePeak/db-mcp-server/pkg/dbtools/schema.go:190.3,190.36 1 0
github.com/FreePeak/db-mcp-server/pkg/dbtools/schema.go:190.36,193.4 2 0
github.com/FreePeak/db-mcp-server/pkg/dbtools/schema.go:195.3,200.9 2 0
github.com/FreePeak/db-mcp-server/pkg/dbtools/schema.go:204.2,206.16 3 0
github.com/FreePeak/db-mcp-server/pkg/dbtools/schema.go:206.16,209.3 2 0
github.com/FreePeak/db-mcp-server/pkg/dbtools/schema.go:210.2,214.16 3 0
github.com/FreePeak/db-mcp-server/pkg/dbtools/schema.go:214.16,217.3 2 0
github.com/FreePeak/db-mcp-server/pkg/dbtools/schema.go:219.2,224.8 2 0
github.com/FreePeak/db-mcp-server/pkg/dbtools/schema.go:228.73,232.23 2 0
github.com/FreePeak/db-mcp-server/pkg/dbtools/schema.go:233.21,252.4 1 0
github.com/FreePeak/db-mcp-server/pkg/dbtools/schema.go:253.24,298.4 1 0
github.com/FreePeak/db-mcp-server/pkg/dbtools/schema.go:299.10,300.73 1 0
github.com/FreePeak/db-mcp-server/pkg/dbtools/schema.go:303.2,304.36 2 0
github.com/FreePeak/db-mcp-server/pkg/dbtools/schema.go:304.36,306.3 1 0
github.com/FreePeak/db-mcp-server/pkg/dbtools/schema.go:306.8,308.3 1 0
github.com/FreePeak/db-mcp-server/pkg/dbtools/schema.go:311.2,312.16 2 0
github.com/FreePeak/db-mcp-server/pkg/dbtools/schema.go:312.16,314.3 1 0
github.com/FreePeak/db-mcp-server/pkg/dbtools/schema.go:315.2,319.16 3 0
github.com/FreePeak/db-mcp-server/pkg/dbtools/schema.go:319.16,321.3 1 0
github.com/FreePeak/db-mcp-server/pkg/dbtools/schema.go:323.2,328.8 1 0
github.com/FreePeak/db-mcp-server/pkg/dbtools/schema.go:332.79,337.23 3 0
github.com/FreePeak/db-mcp-server/pkg/dbtools/schema.go:338.21,361.18 3 0
github.com/FreePeak/db-mcp-server/pkg/dbtools/schema.go:361.18,364.4 2 0
github.com/FreePeak/db-mcp-server/pkg/dbtools/schema.go:366.24,390.18 2 0
github.com/FreePeak/db-mcp-server/pkg/dbtools/schema.go:390.18,393.4 2 0
github.com/FreePeak/db-mcp-server/pkg/dbtools/schema.go:395.10,396.73 1 0
github.com/FreePeak/db-mcp-server/pkg/dbtools/schema.go:400.2,401.16 2 0
github.com/FreePeak/db-mcp-server/pkg/dbtools/schema.go:401.16,403.3 1 0
github.com/FreePeak/db-mcp-server/pkg/dbtools/schema.go:404.2,408.16 3 0
github.com/FreePeak/db-mcp-server/pkg/dbtools/schema.go:408.16,410.3 1 0
github.com/FreePeak/db-mcp-server/pkg/dbtools/schema.go:412.2,417.8 1 0
github.com/FreePeak/db-mcp-server/pkg/dbtools/schema.go:421.62,424.16 2 0
github.com/FreePeak/db-mcp-server/pkg/dbtools/schema.go:424.16,426.3 1 0
github.com/FreePeak/db-mcp-server/pkg/dbtools/schema.go:429.2,430.16 2 0
github.com/FreePeak/db-mcp-server/pkg/dbtools/schema.go:430.16,432.3 1 0
github.com/FreePeak/db-mcp-server/pkg/dbtools/schema.go:435.2,436.9 2 0
github.com/FreePeak/db-mcp-server/pkg/dbtools/schema.go:436.9,438.3 1 0
github.com/FreePeak/db-mcp-server/pkg/dbtools/schema.go:441.2,442.31 2 0
github.com/FreePeak/db-mcp-server/pkg/dbtools/schema.go:442.31,444.10 2 0
github.com/FreePeak/db-mcp-server/pkg/dbtools/schema.go:444.10,445.12 1 0
github.com/FreePeak/db-mcp-server/pkg/dbtools/schema.go:448.3,449.17 2 0
github.com/FreePeak/db-mcp-server/pkg/dbtools/schema.go:449.17,453.4 2 0
github.com/FreePeak/db-mcp-server/pkg/dbtools/schema.go:453.9,455.10 2 0
github.com/FreePeak/db-mcp-server/pkg/dbtools/schema.go:455.10,457.5 1 0
github.com/FreePeak/db-mcp-server/pkg/dbtools/schema.go:457.10,459.5 1 0
github.com/FreePeak/db-mcp-server/pkg/dbtools/schema.go:462.3,462.55 1 0
github.com/FreePeak/db-mcp-server/pkg/dbtools/schema.go:465.2,469.8 1 0
github.com/FreePeak/db-mcp-server/pkg/dbtools/schema.go:475.43,508.2 2 0
github.com/FreePeak/db-mcp-server/pkg/dbtools/schema.go:513.56,516.15 2 0
github.com/FreePeak/db-mcp-server/pkg/dbtools/schema.go:517.15,567.4 1 0
github.com/FreePeak/db-mcp-server/pkg/dbtools/schema.go:568.16,630.4 1 0
github.com/FreePeak/db-mcp-server/pkg/dbtools/schema.go:631.18,681.4 1 0
github.com/FreePeak/db-mcp-server/pkg/dbtools/schema.go:682.10,683.54 1 0
github.com/FreePeak/db-mcp-server/pkg/dbtools/schema.go:686.2,691.8 1 0
github.com/FreePeak/db-mcp-server/pkg/dbtools/schema.go:697.62,729.17 2 0
github.com/FreePeak/db-mcp-server/pkg/dbtools/schema.go:729.17,731.35 2 0
github.com/FreePeak/db-mcp-server/pkg/dbtools/schema.go:731.35,732.71 1 0
github.com/FreePeak/db-mcp-server/pkg/dbtools/schema.go:732.71,734.5 1 0
github.com/FreePeak/db-mcp-server/pkg/dbtools/schema.go:736.3,736.40 1 0
github.com/FreePeak/db-mcp-server/pkg/dbtools/schema.go:739.2,744.8 1 0
github.com/FreePeak/db-mcp-server/pkg/dbtools/schema.go:750.47,757.35 5 0
github.com/FreePeak/db-mcp-server/pkg/dbtools/schema.go:757.35,761.3 3 0
github.com/FreePeak/db-mcp-server/pkg/dbtools/schema.go:763.2,768.8 1 0
github.com/FreePeak/db-mcp-server/pkg/dbtools/tx.go:17.42,58.2 1 0
github.com/FreePeak/db-mcp-server/pkg/dbtools/tx.go:61.97,63.23 1 0
github.com/FreePeak/db-mcp-server/pkg/dbtools/tx.go:63.23,65.3 1 0
github.com/FreePeak/db-mcp-server/pkg/dbtools/tx.go:68.2,69.9 2 0
github.com/FreePeak/db-mcp-server/pkg/dbtools/tx.go:69.9,71.3 1 0
github.com/FreePeak/db-mcp-server/pkg/dbtools/tx.go:74.2,74.16 1 0
github.com/FreePeak/db-mcp-server/pkg/dbtools/tx.go:75.15,76.39 1 0
github.com/FreePeak/db-mcp-server/pkg/dbtools/tx.go:77.16,78.40 1 0
github.com/FreePeak/db-mcp-server/pkg/dbtools/tx.go:79.18,80.42 1 0
github.com/FreePeak/db-mcp-server/pkg/dbtools/tx.go:81.17,82.43 1 0
github.com/FreePeak/db-mcp-server/pkg/dbtools/tx.go:83.10,84.55 1 0
github.com/FreePeak/db-mcp-server/pkg/dbtools/tx.go:89.96,92.60 2 0
github.com/FreePeak/db-mcp-server/pkg/dbtools/tx.go:92.60,94.3 1 0
github.com/FreePeak/db-mcp-server/pkg/dbtools/tx.go:97.2,102.56 4 0
github.com/FreePeak/db-mcp-server/pkg/dbtools/tx.go:102.56,104.3 1 0
github.com/FreePeak/db-mcp-server/pkg/dbtools/tx.go:107.2,113.16 3 0
github.com/FreePeak/db-mcp-server/pkg/dbtools/tx.go:113.16,115.3 1 0
github.com/FreePeak/db-mcp-server/pkg/dbtools/tx.go:118.2,128.8 3 0
github.com/FreePeak/db-mcp-server/pkg/dbtools/tx.go:132.97,135.9 2 0
github.com/FreePeak/db-mcp-server/pkg/dbtools/tx.go:135.9,137.3 1 0
github.com/FreePeak/db-mcp-server/pkg/dbtools/tx.go:140.2,141.9 2 0
github.com/FreePeak/db-mcp-server/pkg/dbtools/tx.go:141.9,143.3 1 0
github.com/FreePeak/db-mcp-server/pkg/dbtools/tx.go:146.2,151.16 3 0
github.com/FreePeak/db-mcp-server/pkg/dbtools/tx.go:151.16,153.3 1 0
github.com/FreePeak/db-mcp-server/pkg/dbtools/tx.go:156.2,159.8 1 0
github.com/FreePeak/db-mcp-server/pkg/dbtools/tx.go:163.99,166.9 2 0
github.com/FreePeak/db-mcp-server/pkg/dbtools/tx.go:166.9,168.3 1 0
github.com/FreePeak/db-mcp-server/pkg/dbtools/tx.go:171.2,172.9 2 0
github.com/FreePeak/db-mcp-server/pkg/dbtools/tx.go:172.9,174.3 1 0
github.com/FreePeak/db-mcp-server/pkg/dbtools/tx.go:177.2,182.16 3 0
github.com/FreePeak/db-mcp-server/pkg/dbtools/tx.go:182.16,184.3 1 0
github.com/FreePeak/db-mcp-server/pkg/dbtools/tx.go:187.2,190.8 1 0
github.com/FreePeak/db-mcp-server/pkg/dbtools/tx.go:194.100,197.9 2 0
github.com/FreePeak/db-mcp-server/pkg/dbtools/tx.go:197.9,199.3 1 0
github.com/FreePeak/db-mcp-server/pkg/dbtools/tx.go:202.2,203.9 2 0
github.com/FreePeak/db-mcp-server/pkg/dbtools/tx.go:203.9,205.3 1 0
github.com/FreePeak/db-mcp-server/pkg/dbtools/tx.go:208.2,209.9 2 0
github.com/FreePeak/db-mcp-server/pkg/dbtools/tx.go:209.9,211.3 1 0
github.com/FreePeak/db-mcp-server/pkg/dbtools/tx.go:214.2,215.60 2 0
github.com/FreePeak/db-mcp-server/pkg/dbtools/tx.go:215.60,218.3 2 0
github.com/FreePeak/db-mcp-server/pkg/dbtools/tx.go:221.2,225.13 3 0
github.com/FreePeak/db-mcp-server/pkg/dbtools/tx.go:225.13,228.17 2 0
github.com/FreePeak/db-mcp-server/pkg/dbtools/tx.go:228.17,230.4 1 0
github.com/FreePeak/db-mcp-server/pkg/dbtools/tx.go:231.3,235.17 3 0
github.com/FreePeak/db-mcp-server/pkg/dbtools/tx.go:235.17,237.4 1 0
github.com/FreePeak/db-mcp-server/pkg/dbtools/tx.go:239.3,242.4 1 0
github.com/FreePeak/db-mcp-server/pkg/dbtools/tx.go:243.8,246.17 2 0
github.com/FreePeak/db-mcp-server/pkg/dbtools/tx.go:246.17,248.4 1 0
github.com/FreePeak/db-mcp-server/pkg/dbtools/tx.go:251.3,252.17 2 0
github.com/FreePeak/db-mcp-server/pkg/dbtools/tx.go:252.17,254.4 1 0
github.com/FreePeak/db-mcp-server/pkg/dbtools/tx.go:257.3,258.17 2 0
github.com/FreePeak/db-mcp-server/pkg/dbtools/tx.go:258.17,260.4 1 0
github.com/FreePeak/db-mcp-server/pkg/dbtools/tx.go:262.3,265.4 1 0
github.com/FreePeak/db-mcp-server/pkg/dbtools/tx.go:269.2,274.8 1 0
github.com/FreePeak/db-mcp-server/pkg/dbtools/tx.go:278.46,282.2 1 0
github.com/FreePeak/db-mcp-server/pkg/dbtools/tx.go:285.46,293.2 3 0
github.com/FreePeak/db-mcp-server/pkg/dbtools/tx.go:299.101,302.9 2 0
github.com/FreePeak/db-mcp-server/pkg/dbtools/tx.go:302.9,304.3 1 0
github.com/FreePeak/db-mcp-server/pkg/dbtools/tx.go:307.2,308.27 2 0
github.com/FreePeak/db-mcp-server/pkg/dbtools/tx.go:308.27,310.3 1 0
github.com/FreePeak/db-mcp-server/pkg/dbtools/tx.go:313.2,313.16 1 0
github.com/FreePeak/db-mcp-server/pkg/dbtools/tx.go:314.15,315.44 1 0
github.com/FreePeak/db-mcp-server/pkg/dbtools/tx.go:316.16,317.45 1 0
github.com/FreePeak/db-mcp-server/pkg/dbtools/tx.go:318.18,319.47 1 0
github.com/FreePeak/db-mcp-server/pkg/dbtools/tx.go:320.17,321.46 1 0
github.com/FreePeak/db-mcp-server/pkg/dbtools/tx.go:322.10,323.59 1 0
github.com/FreePeak/db-mcp-server/pkg/dbtools/tx.go:328.85,344.2 4 0
github.com/FreePeak/db-mcp-server/pkg/dbtools/tx.go:347.86,350.9 2 0
github.com/FreePeak/db-mcp-server/pkg/dbtools/tx.go:350.9,352.3 1 0
github.com/FreePeak/db-mcp-server/pkg/dbtools/tx.go:355.2,355.35 1 0
github.com/FreePeak/db-mcp-server/pkg/dbtools/tx.go:355.35,357.3 1 0
github.com/FreePeak/db-mcp-server/pkg/dbtools/tx.go:360.2,366.8 2 0
github.com/FreePeak/db-mcp-server/pkg/dbtools/tx.go:370.88,373.9 2 0
github.com/FreePeak/db-mcp-server/pkg/dbtools/tx.go:373.9,375.3 1 0
github.com/FreePeak/db-mcp-server/pkg/dbtools/tx.go:378.2,378.35 1 0
github.com/FreePeak/db-mcp-server/pkg/dbtools/tx.go:378.35,380.3 1 0
github.com/FreePeak/db-mcp-server/pkg/dbtools/tx.go:383.2,389.8 2 0
github.com/FreePeak/db-mcp-server/pkg/dbtools/tx.go:393.87,396.9 2 0
github.com/FreePeak/db-mcp-server/pkg/dbtools/tx.go:396.9,398.3 1 0
github.com/FreePeak/db-mcp-server/pkg/dbtools/tx.go:401.2,401.35 1 0
github.com/FreePeak/db-mcp-server/pkg/dbtools/tx.go:401.35,403.3 1 0
github.com/FreePeak/db-mcp-server/pkg/dbtools/tx.go:406.2,407.9 2 0
github.com/FreePeak/db-mcp-server/pkg/dbtools/tx.go:407.9,409.3 1 0
github.com/FreePeak/db-mcp-server/pkg/dbtools/tx.go:412.2,413.60 2 0
github.com/FreePeak/db-mcp-server/pkg/dbtools/tx.go:413.60,415.3 1 0
github.com/FreePeak/db-mcp-server/pkg/dbtools/tx.go:418.2,422.13 3 0
github.com/FreePeak/db-mcp-server/pkg/dbtools/tx.go:422.13,433.3 2 0
github.com/FreePeak/db-mcp-server/pkg/dbtools/tx.go:433.8,438.61 3 0
github.com/FreePeak/db-mcp-server/pkg/dbtools/tx.go:438.61,440.4 1 0
github.com/FreePeak/db-mcp-server/pkg/dbtools/tx.go:440.9,440.68 1 0
github.com/FreePeak/db-mcp-server/pkg/dbtools/tx.go:440.68,442.4 1 0
github.com/FreePeak/db-mcp-server/pkg/dbtools/tx.go:442.9,442.68 1 0
github.com/FreePeak/db-mcp-server/pkg/dbtools/tx.go:442.68,444.4 1 0
github.com/FreePeak/db-mcp-server/pkg/dbtools/tx.go:446.3,449.4 1 0
github.com/FreePeak/db-mcp-server/pkg/dbtools/tx.go:453.2,458.8 1 0
